ned
---
robert
------
jaim
----
catelyn
-------
cersei
------
daeneri
-------
jorah
-----
petyr
-----
viseri
------
jon
---
sansa
-----
arya
----
robb
----
theon
-----
bran
----
joffrei
-------
sandor
------
tyrion
------
khal
----
davo
----
samwel
------
margaeri
--------
stanni
------
melisandr
---------
jeor
----
bronn
-----
vari
----
shae
----
tywin
-----
ygritt
------
talisa
------
gendri
------
tormund
-------
gilli
-----
brienn
------
ramsai
------
ellaria
-------
daario
------
missandei
---------
jaqen
-----
tommen
------
roos
----
the
---
